{"C:\\Users\\Intel\\Desktop\\LAB-QA\\Exercise01\\src\\calculadora\\calculadora.js": {"path":"C:\\Users\\Intel\\Desktop\\LAB-QA\\Exercise01\\src\\calculadora\\calculadora.js","statementMap":{"0":{"start":{"line":3,"column":14},"end":{"line":3,"column":29}},"1":{"start":{"line":3,"column":24},"end":{"line":3,"column":29}},"2":{"start":{"line":4,"column":15},"end":{"line":4,"column":30}},"3":{"start":{"line":4,"column":25},"end":{"line":4,"column":30}},"4":{"start":{"line":5,"column":20},"end":{"line":5,"column":35}},"5":{"start":{"line":5,"column":30},"end":{"line":5,"column":35}},"6":{"start":{"line":6,"column":16},"end":{"line":11,"column":1}},"7":{"start":{"line":7,"column":0},"end":{"line":9,"column":1}},"8":{"start":{"line":8,"column":0},"end":{"line":8,"column":50}},"9":{"start":{"line":10,"column":0},"end":{"line":10,"column":13}},"10":{"start":{"line":12,"column":0},"end":{"line":12,"column":57}}},"fnMap":{"0":{"name":"(anonymous_0)","decl":{"start":{"line":3,"column":14},"end":{"line":3,"column":15}},"loc":{"start":{"line":3,"column":24},"end":{"line":3,"column":29}},"line":3},"1":{"name":"(anonymous_1)","decl":{"start":{"line":4,"column":15},"end":{"line":4,"column":16}},"loc":{"start":{"line":4,"column":25},"end":{"line":4,"column":30}},"line":4},"2":{"name":"(anonymous_2)","decl":{"start":{"line":5,"column":20},"end":{"line":5,"column":21}},"loc":{"start":{"line":5,"column":30},"end":{"line":5,"column":35}},"line":5},"3":{"name":"(anonymous_3)","decl":{"start":{"line":6,"column":16},"end":{"line":6,"column":17}},"loc":{"start":{"line":6,"column":26},"end":{"line":11,"column":1}},"line":6}},"branchMap":{"0":{"loc":{"start":{"line":7,"column":0},"end":{"line":9,"column":1}},"type":"if","locations":[{"start":{"line":7,"column":0},"end":{"line":9,"column":1}},{"start":{},"end":{}}],"line":7}},"s":{"0":1,"1":3,"2":1,"3":3,"4":1,"5":3,"6":1,"7":3,"8":1,"9":2,"10":1},"f":{"0":3,"1":3,"2":3,"3":3},"b":{"0":[1,2]},"_coverageSchema":"1a1c01bbd47fc00a2c39e90264f33305004495a9","hash":"60b65323b2a0771e19866ff87848b3df1e1096ca"}
}
